2025-06-28 08:20:43,810 — INFO — [REPLAY] 2025-06-27T14:52:32.015243 | Signal: CONFIDENT BUY | Audit: Approved | Reward: -1.0
2025-06-28 08:20:43,810 — INFO — [REPLAY] 2025-06-27T15:25:16.236258 | Signal: CAUTIOUS SELL | Audit: Warning | Reward: -1.0
2025-06-28 08:22:20,953 — INFO — Market Data: {'price': 38490.5, 'volume': 2952, 'trend': 'bearish'}
2025-06-28 08:22:20,953 — INFO — Macro Monk Strategy: SELL
2025-06-28 08:22:20,953 — INFO — The Ghost Signal: CAUTIOUS SELL
2025-06-28 08:22:20,954 — INFO — Degen Auditor Result: Warning
2025-06-28 08:22:20,954 — INFO — Calculated Reward: -1
2025-06-28 21:18:34,137 — INFO — Market Data: {'price': 47098.67, 'volume': 9081, 'trend': 'bearish'}
2025-06-28 21:18:34,138 — INFO — Macro Monk Strategy: SELL
2025-06-28 21:18:34,139 — INFO — The Ghost Signal: CAUTIOUS SELL
2025-06-28 21:18:34,139 — INFO — Degen Auditor Result: Warning
2025-06-28 21:18:34,139 — INFO — Calculated Reward: -1
2025-06-28 21:18:38,535 — INFO — Notification sent successfully.
2025-06-28 21:19:53,019 — INFO — [REPLAY] 2025-06-27T14:52:32.015243 | Signal: CONFIDENT BUY | Audit: Approved | Reward: -1.0
2025-06-28 21:19:53,019 — INFO — [REPLAY] 2025-06-27T15:25:16.236258 | Signal: CAUTIOUS SELL | Audit: Warning | Reward: -1.0
2025-06-28 21:19:53,019 — INFO — [REPLAY] 2025-06-28T21:18:38.536628 | Signal: CAUTIOUS SELL | Audit: Warning | Reward: -1.0
2025-06-28 21:58:06,766 — INFO — [REPLAY] 2025-06-27T14:52:32.015243 | Signal: CONFIDENT BUY | Audit: Approved | Reward: -1.0
2025-06-28 21:58:06,767 — INFO — [REPLAY] 2025-06-27T15:25:16.236258 | Signal: CAUTIOUS SELL | Audit: Warning | Reward: -1.0
2025-06-28 21:58:06,767 — INFO — [REPLAY] 2025-06-28T21:18:38.536628 | Signal: CAUTIOUS SELL | Audit: Warning | Reward: -1.0
2025-06-28 21:58:06,771 — INFO — [REPLAY] 2025-06-27T14:52:32.015243 | Signal: CONFIDENT BUY | Audit: Approved | Reward: -1.0
2025-06-28 21:58:06,771 — INFO — [REPLAY] 2025-06-27T15:25:16.236258 | Signal: CAUTIOUS SELL | Audit: Warning | Reward: -1.0
2025-06-28 21:58:06,771 — INFO — [REPLAY] 2025-06-28T21:18:38.536628 | Signal: CAUTIOUS SELL | Audit: Warning | Reward: -1.0
2025-06-28 21:58:57,087 — INFO — [REPLAY] 2025-06-27T14:52:32.015243 | Signal: CONFIDENT BUY | Audit: Approved | Reward: -1.0
2025-06-28 21:58:57,088 — INFO — [REPLAY] 2025-06-27T15:25:16.236258 | Signal: CAUTIOUS SELL | Audit: Warning | Reward: -1.0
2025-06-28 21:58:57,088 — INFO — [REPLAY] 2025-06-28T21:18:38.536628 | Signal: CAUTIOUS SELL | Audit: Warning | Reward: -1.0
2025-06-28 21:58:57,091 — INFO — [REPLAY] 2025-06-27T14:52:32.015243 | Signal: CONFIDENT BUY | Audit: Approved | Reward: -1.0
2025-06-28 21:58:57,092 — INFO — [REPLAY] 2025-06-27T15:25:16.236258 | Signal: CAUTIOUS SELL | Audit: Warning | Reward: -1.0
2025-06-28 21:58:57,092 — INFO — [REPLAY] 2025-06-28T21:18:38.536628 | Signal: CAUTIOUS SELL | Audit: Warning | Reward: -1.0
2025-06-28 21:59:20,802 — INFO — [REPLAY] 2025-06-27T14:52:32.015243 | Signal: CONFIDENT BUY | Audit: Approved | Reward: -1.0
2025-06-28 21:59:20,803 — INFO — [REPLAY] 2025-06-27T15:25:16.236258 | Signal: CAUTIOUS SELL | Audit: Warning | Reward: -1.0
2025-06-28 21:59:20,803 — INFO — [REPLAY] 2025-06-28T21:18:38.536628 | Signal: CAUTIOUS SELL | Audit: Warning | Reward: -1.0
2025-06-28 21:59:20,806 — INFO — [REPLAY] 2025-06-27T14:52:32.015243 | Signal: CONFIDENT BUY | Audit: Approved | Reward: -1.0
2025-06-28 21:59:20,807 — INFO — [REPLAY] 2025-06-27T15:25:16.236258 | Signal: CAUTIOUS SELL | Audit: Warning | Reward: -1.0
2025-06-28 21:59:20,807 — INFO — [REPLAY] 2025-06-28T21:18:38.536628 | Signal: CAUTIOUS SELL | Audit: Warning | Reward: -1.0
2025-06-28 22:02:45,514 — INFO — Market Data: {'price': 51221.11, 'volume': 8582, 'trend': 'bullish'}
2025-06-28 22:02:45,514 — INFO — Macro Monk Strategy: HOLD
2025-06-28 22:02:45,514 — INFO — The Ghost Signal: WAIT
2025-06-28 22:02:45,515 — INFO — Degen Auditor Result: Neutral
2025-06-28 22:02:45,515 — INFO — Calculated Reward: -1
2025-06-28 22:02:49,779 — INFO — Notification sent successfully.
2025-06-28 22:51:50,507 — INFO — [REPLAY] 2025-06-27T14:52:32.015243 | Signal: CONFIDENT BUY | Audit: Approved | Reward: -1.0
2025-06-28 22:51:50,507 — INFO — [REPLAY] 2025-06-27T15:25:16.236258 | Signal: CAUTIOUS SELL | Audit: Warning | Reward: -1.0
2025-06-28 22:51:50,507 — INFO — [REPLAY] 2025-06-28T21:18:38.536628 | Signal: CAUTIOUS SELL | Audit: Warning | Reward: -1.0
2025-06-28 22:51:50,507 — INFO — [REPLAY] 2025-06-28T22:02:49.780408 | Signal: WAIT | Audit: Neutral | Reward: -1.0
2025-06-28 22:51:50,512 — INFO — [REPLAY] 2025-06-27T14:52:32.015243 | Signal: CONFIDENT BUY | Audit: Approved | Reward: -1.0
2025-06-28 22:51:50,512 — INFO — [REPLAY] 2025-06-27T15:25:16.236258 | Signal: CAUTIOUS SELL | Audit: Warning | Reward: -1.0
2025-06-28 22:51:50,512 — INFO — [REPLAY] 2025-06-28T21:18:38.536628 | Signal: CAUTIOUS SELL | Audit: Warning | Reward: -1.0
2025-06-28 22:51:50,512 — INFO — [REPLAY] 2025-06-28T22:02:49.780408 | Signal: WAIT | Audit: Neutral | Reward: -1.0
2025-06-28 22:56:06,101 — INFO — [REPLAY] 2025-06-27T14:52:32.015243 | Signal: CONFIDENT BUY | Audit: Approved | Reward: -1.0
2025-06-28 22:56:06,101 — INFO — [REPLAY] 2025-06-27T15:25:16.236258 | Signal: CAUTIOUS SELL | Audit: Warning | Reward: -1.0
2025-06-28 22:56:06,101 — INFO — [REPLAY] 2025-06-28T21:18:38.536628 | Signal: CAUTIOUS SELL | Audit: Warning | Reward: -1.0
2025-06-28 22:56:06,102 — INFO — [REPLAY] 2025-06-28T22:02:49.780408 | Signal: WAIT | Audit: Neutral | Reward: -1.0
2025-06-28 22:56:06,105 — INFO — [REPLAY] 2025-06-27T14:52:32.015243 | Signal: CONFIDENT BUY | Audit: Approved | Reward: -1.0
2025-06-28 22:56:06,105 — INFO — [REPLAY] 2025-06-27T15:25:16.236258 | Signal: CAUTIOUS SELL | Audit: Warning | Reward: -1.0
2025-06-28 22:56:06,105 — INFO — [REPLAY] 2025-06-28T21:18:38.536628 | Signal: CAUTIOUS SELL | Audit: Warning | Reward: -1.0
2025-06-28 22:56:06,106 — INFO — [REPLAY] 2025-06-28T22:02:49.780408 | Signal: WAIT | Audit: Neutral | Reward: -1.0
2025-06-28 22:56:11,053 — INFO — [REPLAY] 2025-06-27T14:52:32.015243 | Signal: CONFIDENT BUY | Audit: Approved | Reward: -1.0
2025-06-28 22:56:11,053 — INFO — [REPLAY] 2025-06-27T14:52:32.015243 | Signal: CONFIDENT BUY | Audit: Approved | Reward: -1.0
2025-06-28 22:56:11,053 — INFO — [REPLAY] 2025-06-27T15:25:16.236258 | Signal: CAUTIOUS SELL | Audit: Warning | Reward: -1.0
2025-06-28 22:56:11,054 — INFO — [REPLAY] 2025-06-27T15:25:16.236258 | Signal: CAUTIOUS SELL | Audit: Warning | Reward: -1.0
2025-06-28 22:56:11,054 — INFO — [REPLAY] 2025-06-28T21:18:38.536628 | Signal: CAUTIOUS SELL | Audit: Warning | Reward: -1.0
2025-06-28 22:56:11,054 — INFO — [REPLAY] 2025-06-28T21:18:38.536628 | Signal: CAUTIOUS SELL | Audit: Warning | Reward: -1.0
2025-06-28 22:56:11,054 — INFO — [REPLAY] 2025-06-28T22:02:49.780408 | Signal: WAIT | Audit: Neutral | Reward: -1.0
2025-06-28 22:56:11,054 — INFO — [REPLAY] 2025-06-28T22:02:49.780408 | Signal: WAIT | Audit: Neutral | Reward: -1.0
2025-06-28 23:00:10,731 — INFO — [REPLAY] 2025-06-27T14:52:32.015243 | Signal: CONFIDENT BUY | Audit: Approved | Reward: -1.0
2025-06-28 23:00:10,731 — INFO — [REPLAY] 2025-06-27T15:25:16.236258 | Signal: CAUTIOUS SELL | Audit: Warning | Reward: -1.0
2025-06-28 23:00:10,731 — INFO — [REPLAY] 2025-06-28T21:18:38.536628 | Signal: CAUTIOUS SELL | Audit: Warning | Reward: -1.0
2025-06-28 23:00:10,732 — INFO — [REPLAY] 2025-06-28T22:02:49.780408 | Signal: WAIT | Audit: Neutral | Reward: -1.0
2025-06-28 23:00:10,734 — INFO — [REPLAY] 2025-06-27T14:52:32.015243 | Signal: CONFIDENT BUY | Audit: Approved | Reward: -1.0
2025-06-28 23:00:10,734 — INFO — [REPLAY] 2025-06-27T15:25:16.236258 | Signal: CAUTIOUS SELL | Audit: Warning | Reward: -1.0
2025-06-28 23:00:10,735 — INFO — [REPLAY] 2025-06-28T21:18:38.536628 | Signal: CAUTIOUS SELL | Audit: Warning | Reward: -1.0
2025-06-28 23:00:10,735 — INFO — [REPLAY] 2025-06-28T22:02:49.780408 | Signal: WAIT | Audit: Neutral | Reward: -1.0
2025-06-28 23:00:13,635 — INFO — [REPLAY] 2025-06-27T14:52:32.015243 | Signal: CONFIDENT BUY | Audit: Approved | Reward: -1.0
2025-06-28 23:00:13,635 — INFO — [REPLAY] 2025-06-27T15:25:16.236258 | Signal: CAUTIOUS SELL | Audit: Warning | Reward: -1.0
2025-06-28 23:00:13,635 — INFO — [REPLAY] 2025-06-28T21:18:38.536628 | Signal: CAUTIOUS SELL | Audit: Warning | Reward: -1.0
2025-06-28 23:00:13,636 — INFO — [REPLAY] 2025-06-27T14:52:32.015243 | Signal: CONFIDENT BUY | Audit: Approved | Reward: -1.0
2025-06-28 23:00:13,636 — INFO — [REPLAY] 2025-06-28T22:02:49.780408 | Signal: WAIT | Audit: Neutral | Reward: -1.0
2025-06-28 23:00:13,636 — INFO — [REPLAY] 2025-06-27T15:25:16.236258 | Signal: CAUTIOUS SELL | Audit: Warning | Reward: -1.0
2025-06-28 23:00:13,636 — INFO — [REPLAY] 2025-06-28T21:18:38.536628 | Signal: CAUTIOUS SELL | Audit: Warning | Reward: -1.0
2025-06-28 23:00:13,636 — INFO — [REPLAY] 2025-06-28T22:02:49.780408 | Signal: WAIT | Audit: Neutral | Reward: -1.0
2025-06-28 23:00:17,423 — INFO — [REPLAY] 2025-06-27T14:52:32.015243 | Signal: CONFIDENT BUY | Audit: Approved | Reward: -1.0
2025-06-28 23:00:17,424 — INFO — [REPLAY] 2025-06-27T15:25:16.236258 | Signal: CAUTIOUS SELL | Audit: Warning | Reward: -1.0
2025-06-28 23:00:17,424 — INFO — [REPLAY] 2025-06-27T14:52:32.015243 | Signal: CONFIDENT BUY | Audit: Approved | Reward: -1.0
2025-06-28 23:00:17,424 — INFO — [REPLAY] 2025-06-28T21:18:38.536628 | Signal: CAUTIOUS SELL | Audit: Warning | Reward: -1.0
2025-06-28 23:00:17,424 — INFO — [REPLAY] 2025-06-27T15:25:16.236258 | Signal: CAUTIOUS SELL | Audit: Warning | Reward: -1.0
2025-06-28 23:00:17,424 — INFO — [REPLAY] 2025-06-28T22:02:49.780408 | Signal: WAIT | Audit: Neutral | Reward: -1.0
2025-06-28 23:00:17,424 — INFO — [REPLAY] 2025-06-28T21:18:38.536628 | Signal: CAUTIOUS SELL | Audit: Warning | Reward: -1.0
2025-06-28 23:00:17,425 — INFO — [REPLAY] 2025-06-28T22:02:49.780408 | Signal: WAIT | Audit: Neutral | Reward: -1.0
2025-06-28 23:00:20,117 — INFO — [REPLAY] 2025-06-27T14:52:32.015243 | Signal: CONFIDENT BUY | Audit: Approved | Reward: -1.0
2025-06-28 23:00:20,117 — INFO — [REPLAY] 2025-06-27T15:25:16.236258 | Signal: CAUTIOUS SELL | Audit: Warning | Reward: -1.0
2025-06-28 23:00:20,117 — INFO — [REPLAY] 2025-06-28T21:18:38.536628 | Signal: CAUTIOUS SELL | Audit: Warning | Reward: -1.0
2025-06-28 23:00:20,117 — INFO — [REPLAY] 2025-06-28T22:02:49.780408 | Signal: WAIT | Audit: Neutral | Reward: -1.0
2025-06-28 23:00:20,121 — INFO — [REPLAY] 2025-06-27T14:52:32.015243 | Signal: CONFIDENT BUY | Audit: Approved | Reward: -1.0
2025-06-28 23:00:20,121 — INFO — [REPLAY] 2025-06-27T15:25:16.236258 | Signal: CAUTIOUS SELL | Audit: Warning | Reward: -1.0
2025-06-28 23:00:20,121 — INFO — [REPLAY] 2025-06-28T21:18:38.536628 | Signal: CAUTIOUS SELL | Audit: Warning | Reward: -1.0
2025-06-28 23:00:20,121 — INFO — [REPLAY] 2025-06-28T22:02:49.780408 | Signal: WAIT | Audit: Neutral | Reward: -1.0
2025-06-28 23:02:13,672 — INFO — [REPLAY] 2025-06-27T14:52:32.015243 | Signal: CONFIDENT BUY | Audit: Approved | Reward: -1.0
2025-06-28 23:02:13,672 — INFO — [REPLAY] 2025-06-27T15:25:16.236258 | Signal: CAUTIOUS SELL | Audit: Warning | Reward: -1.0
2025-06-28 23:02:13,672 — INFO — [REPLAY] 2025-06-27T14:52:32.015243 | Signal: CONFIDENT BUY | Audit: Approved | Reward: -1.0
2025-06-28 23:02:13,672 — INFO — [REPLAY] 2025-06-28T21:18:38.536628 | Signal: CAUTIOUS SELL | Audit: Warning | Reward: -1.0
2025-06-28 23:02:13,672 — INFO — [REPLAY] 2025-06-27T15:25:16.236258 | Signal: CAUTIOUS SELL | Audit: Warning | Reward: -1.0
2025-06-28 23:02:13,672 — INFO — [REPLAY] 2025-06-28T22:02:49.780408 | Signal: WAIT | Audit: Neutral | Reward: -1.0
2025-06-28 23:02:13,673 — INFO — [REPLAY] 2025-06-28T21:18:38.536628 | Signal: CAUTIOUS SELL | Audit: Warning | Reward: -1.0
2025-06-28 23:02:13,673 — INFO — [REPLAY] 2025-06-28T22:02:49.780408 | Signal: WAIT | Audit: Neutral | Reward: -1.0
2025-06-28 23:02:16,345 — INFO — [REPLAY] 2025-06-27T14:52:32.015243 | Signal: CONFIDENT BUY | Audit: Approved | Reward: -1.0
2025-06-28 23:02:16,345 — INFO — [REPLAY] 2025-06-27T14:52:32.015243 | Signal: CONFIDENT BUY | Audit: Approved | Reward: -1.0
2025-06-28 23:02:16,345 — INFO — [REPLAY] 2025-06-27T15:25:16.236258 | Signal: CAUTIOUS SELL | Audit: Warning | Reward: -1.0
2025-06-28 23:02:16,346 — INFO — [REPLAY] 2025-06-27T15:25:16.236258 | Signal: CAUTIOUS SELL | Audit: Warning | Reward: -1.0
2025-06-28 23:02:16,346 — INFO — [REPLAY] 2025-06-28T21:18:38.536628 | Signal: CAUTIOUS SELL | Audit: Warning | Reward: -1.0
2025-06-28 23:02:16,346 — INFO — [REPLAY] 2025-06-28T21:18:38.536628 | Signal: CAUTIOUS SELL | Audit: Warning | Reward: -1.0
2025-06-28 23:02:16,346 — INFO — [REPLAY] 2025-06-28T22:02:49.780408 | Signal: WAIT | Audit: Neutral | Reward: -1.0
2025-06-28 23:02:16,346 — INFO — [REPLAY] 2025-06-28T22:02:49.780408 | Signal: WAIT | Audit: Neutral | Reward: -1.0
2025-06-28 23:04:25,323 — INFO — [REPLAY] 2025-06-27T14:52:32.015243 | Signal: CONFIDENT BUY | Audit: Approved | Reward: -1.0
2025-06-28 23:04:25,323 — INFO — [REPLAY] 2025-06-27T15:25:16.236258 | Signal: CAUTIOUS SELL | Audit: Warning | Reward: -1.0
2025-06-28 23:04:25,324 — INFO — [REPLAY] 2025-06-28T21:18:38.536628 | Signal: CAUTIOUS SELL | Audit: Warning | Reward: -1.0
2025-06-28 23:04:25,324 — INFO — [REPLAY] 2025-06-28T22:02:49.780408 | Signal: WAIT | Audit: Neutral | Reward: -1.0
2025-06-28 23:04:25,327 — INFO — [REPLAY] 2025-06-27T14:52:32.015243 | Signal: CONFIDENT BUY | Audit: Approved | Reward: -1.0
2025-06-28 23:04:25,327 — INFO — [REPLAY] 2025-06-27T15:25:16.236258 | Signal: CAUTIOUS SELL | Audit: Warning | Reward: -1.0
2025-06-28 23:04:25,327 — INFO — [REPLAY] 2025-06-28T21:18:38.536628 | Signal: CAUTIOUS SELL | Audit: Warning | Reward: -1.0
2025-06-28 23:04:25,327 — INFO — [REPLAY] 2025-06-28T22:02:49.780408 | Signal: WAIT | Audit: Neutral | Reward: -1.0
2025-06-28 23:20:31,677 — INFO — [REPLAY] 2025-06-27T14:52:32.015243 | Signal: CONFIDENT BUY | Audit: Approved | Reward: -1.0
2025-06-28 23:20:31,677 — INFO — [REPLAY] 2025-06-27T15:25:16.236258 | Signal: CAUTIOUS SELL | Audit: Warning | Reward: -1.0
2025-06-28 23:20:31,677 — INFO — [REPLAY] 2025-06-28T21:18:38.536628 | Signal: CAUTIOUS SELL | Audit: Warning | Reward: -1.0
2025-06-28 23:20:31,677 — INFO — [REPLAY] 2025-06-28T22:02:49.780408 | Signal: WAIT | Audit: Neutral | Reward: -1.0
2025-06-28 23:20:31,681 — INFO — [REPLAY] 2025-06-27T14:52:32.015243 | Signal: CONFIDENT BUY | Audit: Approved | Reward: -1.0
2025-06-28 23:20:31,681 — INFO — [REPLAY] 2025-06-27T15:25:16.236258 | Signal: CAUTIOUS SELL | Audit: Warning | Reward: -1.0
2025-06-28 23:20:31,681 — INFO — [REPLAY] 2025-06-28T21:18:38.536628 | Signal: CAUTIOUS SELL | Audit: Warning | Reward: -1.0
2025-06-28 23:20:31,681 — INFO — [REPLAY] 2025-06-28T22:02:49.780408 | Signal: WAIT | Audit: Neutral | Reward: -1.0
2025-06-29 04:16:05,940 — INFO — Market Data: {'price': 58601.62, 'volume': 6661, 'trend': 'sideways'}
2025-06-29 04:16:05,940 — INFO — Macro Monk Strategy: HOLD
2025-06-29 04:16:05,941 — INFO — The Ghost Signal: WAIT
2025-06-29 04:16:05,941 — INFO — Degen Auditor Result: Neutral
2025-06-29 04:16:05,941 — INFO — Calculated Reward: -1
2025-06-29 04:16:10,329 — INFO — Notification sent successfully.
2025-06-29 04:21:54,081 — INFO — [REPLAY] 2025-06-27T14:52:32.015243 | Signal: CONFIDENT BUY | Audit: Approved | Reward: -1.0
2025-06-29 04:21:54,081 — INFO — [REPLAY] 2025-06-27T15:25:16.236258 | Signal: CAUTIOUS SELL | Audit: Warning | Reward: -1.0
2025-06-29 04:21:54,082 — INFO — [REPLAY] 2025-06-28T21:18:38.536628 | Signal: CAUTIOUS SELL | Audit: Warning | Reward: -1.0
2025-06-29 04:21:54,082 — INFO — [REPLAY] 2025-06-28T22:02:49.780408 | Signal: WAIT | Audit: Neutral | Reward: -1.0
2025-06-29 04:21:54,082 — INFO — [REPLAY] 2025-06-29T04:16:10.330736 | Signal: WAIT | Audit: Neutral | Reward: -1.0
2025-06-29 04:21:54,085 — INFO — [REPLAY] 2025-06-27T14:52:32.015243 | Signal: CONFIDENT BUY | Audit: Approved | Reward: -1.0
2025-06-29 04:21:54,085 — INFO — [REPLAY] 2025-06-27T15:25:16.236258 | Signal: CAUTIOUS SELL | Audit: Warning | Reward: -1.0
2025-06-29 04:21:54,086 — INFO — [REPLAY] 2025-06-28T21:18:38.536628 | Signal: CAUTIOUS SELL | Audit: Warning | Reward: -1.0
2025-06-29 04:21:54,086 — INFO — [REPLAY] 2025-06-28T22:02:49.780408 | Signal: WAIT | Audit: Neutral | Reward: -1.0
2025-06-29 04:21:54,086 — INFO — [REPLAY] 2025-06-29T04:16:10.330736 | Signal: WAIT | Audit: Neutral | Reward: -1.0
2025-06-29 04:23:07,268 — INFO — [REPLAY] 2025-06-27T14:52:32.015243 | Signal: CONFIDENT BUY | Audit: Approved | Reward: -1.0
2025-06-29 04:23:07,268 — INFO — [REPLAY] 2025-06-27T15:25:16.236258 | Signal: CAUTIOUS SELL | Audit: Warning | Reward: -1.0
2025-06-29 04:23:07,268 — INFO — [REPLAY] 2025-06-28T21:18:38.536628 | Signal: CAUTIOUS SELL | Audit: Warning | Reward: -1.0
2025-06-29 04:23:07,268 — INFO — [REPLAY] 2025-06-28T22:02:49.780408 | Signal: WAIT | Audit: Neutral | Reward: -1.0
2025-06-29 04:23:07,268 — INFO — [REPLAY] 2025-06-29T04:16:10.330736 | Signal: WAIT | Audit: Neutral | Reward: -1.0
2025-06-29 04:23:07,271 — INFO — [REPLAY] 2025-06-27T14:52:32.015243 | Signal: CONFIDENT BUY | Audit: Approved | Reward: -1.0
2025-06-29 04:23:07,271 — INFO — [REPLAY] 2025-06-27T15:25:16.236258 | Signal: CAUTIOUS SELL | Audit: Warning | Reward: -1.0
2025-06-29 04:23:07,271 — INFO — [REPLAY] 2025-06-28T21:18:38.536628 | Signal: CAUTIOUS SELL | Audit: Warning | Reward: -1.0
2025-06-29 04:23:07,272 — INFO — [REPLAY] 2025-06-28T22:02:49.780408 | Signal: WAIT | Audit: Neutral | Reward: -1.0
2025-06-29 04:23:07,272 — INFO — [REPLAY] 2025-06-29T04:16:10.330736 | Signal: WAIT | Audit: Neutral | Reward: -1.0
2025-06-29 04:23:12,525 — INFO — [REPLAY] 2025-06-27T14:52:32.015243 | Signal: CONFIDENT BUY | Audit: Approved | Reward: -1.0
2025-06-29 04:23:12,525 — INFO — [REPLAY] 2025-06-27T15:25:16.236258 | Signal: CAUTIOUS SELL | Audit: Warning | Reward: -1.0
2025-06-29 04:23:12,525 — INFO — [REPLAY] 2025-06-28T21:18:38.536628 | Signal: CAUTIOUS SELL | Audit: Warning | Reward: -1.0
2025-06-29 04:23:12,525 — INFO — [REPLAY] 2025-06-28T22:02:49.780408 | Signal: WAIT | Audit: Neutral | Reward: -1.0
2025-06-29 04:23:12,526 — INFO — [REPLAY] 2025-06-29T04:16:10.330736 | Signal: WAIT | Audit: Neutral | Reward: -1.0
2025-06-29 04:23:12,529 — INFO — [REPLAY] 2025-06-27T14:52:32.015243 | Signal: CONFIDENT BUY | Audit: Approved | Reward: -1.0
2025-06-29 04:23:12,529 — INFO — [REPLAY] 2025-06-27T15:25:16.236258 | Signal: CAUTIOUS SELL | Audit: Warning | Reward: -1.0
2025-06-29 04:23:12,529 — INFO — [REPLAY] 2025-06-28T21:18:38.536628 | Signal: CAUTIOUS SELL | Audit: Warning | Reward: -1.0
2025-06-29 04:23:12,530 — INFO — [REPLAY] 2025-06-28T22:02:49.780408 | Signal: WAIT | Audit: Neutral | Reward: -1.0
2025-06-29 04:23:12,530 — INFO — [REPLAY] 2025-06-29T04:16:10.330736 | Signal: WAIT | Audit: Neutral | Reward: -1.0
2025-06-29 04:23:13,974 — INFO — [REPLAY] 2025-06-27T14:52:32.015243 | Signal: CONFIDENT BUY | Audit: Approved | Reward: -1.0
2025-06-29 04:23:13,975 — INFO — [REPLAY] 2025-06-27T15:25:16.236258 | Signal: CAUTIOUS SELL | Audit: Warning | Reward: -1.0
2025-06-29 04:23:13,975 — INFO — [REPLAY] 2025-06-28T21:18:38.536628 | Signal: CAUTIOUS SELL | Audit: Warning | Reward: -1.0
2025-06-29 04:23:13,975 — INFO — [REPLAY] 2025-06-28T22:02:49.780408 | Signal: WAIT | Audit: Neutral | Reward: -1.0
2025-06-29 04:23:13,975 — INFO — [REPLAY] 2025-06-29T04:16:10.330736 | Signal: WAIT | Audit: Neutral | Reward: -1.0
2025-06-29 04:23:13,979 — INFO — [REPLAY] 2025-06-27T14:52:32.015243 | Signal: CONFIDENT BUY | Audit: Approved | Reward: -1.0
2025-06-29 04:23:13,979 — INFO — [REPLAY] 2025-06-27T15:25:16.236258 | Signal: CAUTIOUS SELL | Audit: Warning | Reward: -1.0
2025-06-29 04:23:13,980 — INFO — [REPLAY] 2025-06-28T21:18:38.536628 | Signal: CAUTIOUS SELL | Audit: Warning | Reward: -1.0
2025-06-29 04:23:13,980 — INFO — [REPLAY] 2025-06-28T22:02:49.780408 | Signal: WAIT | Audit: Neutral | Reward: -1.0
2025-06-29 04:23:13,980 — INFO — [REPLAY] 2025-06-29T04:16:10.330736 | Signal: WAIT | Audit: Neutral | Reward: -1.0
2025-06-29 04:23:15,099 — INFO — [REPLAY] 2025-06-27T14:52:32.015243 | Signal: CONFIDENT BUY | Audit: Approved | Reward: -1.0
2025-06-29 04:23:15,099 — INFO — [REPLAY] 2025-06-27T15:25:16.236258 | Signal: CAUTIOUS SELL | Audit: Warning | Reward: -1.0
2025-06-29 04:23:15,099 — INFO — [REPLAY] 2025-06-28T21:18:38.536628 | Signal: CAUTIOUS SELL | Audit: Warning | Reward: -1.0
2025-06-29 04:23:15,099 — INFO — [REPLAY] 2025-06-28T22:02:49.780408 | Signal: WAIT | Audit: Neutral | Reward: -1.0
2025-06-29 04:23:15,100 — INFO — [REPLAY] 2025-06-29T04:16:10.330736 | Signal: WAIT | Audit: Neutral | Reward: -1.0
2025-06-29 04:23:15,103 — INFO — [REPLAY] 2025-06-27T14:52:32.015243 | Signal: CONFIDENT BUY | Audit: Approved | Reward: -1.0
2025-06-29 04:23:15,104 — INFO — [REPLAY] 2025-06-27T15:25:16.236258 | Signal: CAUTIOUS SELL | Audit: Warning | Reward: -1.0
2025-06-29 04:23:15,104 — INFO — [REPLAY] 2025-06-28T21:18:38.536628 | Signal: CAUTIOUS SELL | Audit: Warning | Reward: -1.0
2025-06-29 04:23:15,104 — INFO — [REPLAY] 2025-06-28T22:02:49.780408 | Signal: WAIT | Audit: Neutral | Reward: -1.0
2025-06-29 04:23:15,104 — INFO — [REPLAY] 2025-06-29T04:16:10.330736 | Signal: WAIT | Audit: Neutral | Reward: -1.0
2025-06-29 04:23:15,974 — INFO — [REPLAY] 2025-06-27T14:52:32.015243 | Signal: CONFIDENT BUY | Audit: Approved | Reward: -1.0
2025-06-29 04:23:15,975 — INFO — [REPLAY] 2025-06-27T15:25:16.236258 | Signal: CAUTIOUS SELL | Audit: Warning | Reward: -1.0
2025-06-29 04:23:15,975 — INFO — [REPLAY] 2025-06-28T21:18:38.536628 | Signal: CAUTIOUS SELL | Audit: Warning | Reward: -1.0
2025-06-29 04:23:15,975 — INFO — [REPLAY] 2025-06-28T22:02:49.780408 | Signal: WAIT | Audit: Neutral | Reward: -1.0
2025-06-29 04:23:15,975 — INFO — [REPLAY] 2025-06-29T04:16:10.330736 | Signal: WAIT | Audit: Neutral | Reward: -1.0
2025-06-29 04:23:15,979 — INFO — [REPLAY] 2025-06-27T14:52:32.015243 | Signal: CONFIDENT BUY | Audit: Approved | Reward: -1.0
2025-06-29 04:23:15,979 — INFO — [REPLAY] 2025-06-27T15:25:16.236258 | Signal: CAUTIOUS SELL | Audit: Warning | Reward: -1.0
2025-06-29 04:23:15,979 — INFO — [REPLAY] 2025-06-28T21:18:38.536628 | Signal: CAUTIOUS SELL | Audit: Warning | Reward: -1.0
2025-06-29 04:23:15,980 — INFO — [REPLAY] 2025-06-28T22:02:49.780408 | Signal: WAIT | Audit: Neutral | Reward: -1.0
2025-06-29 04:23:15,980 — INFO — [REPLAY] 2025-06-29T04:16:10.330736 | Signal: WAIT | Audit: Neutral | Reward: -1.0
2025-06-29 04:23:28,081 — INFO — [REPLAY] 2025-06-27T14:52:32.015243 | Signal: CONFIDENT BUY | Audit: Approved | Reward: -1.0
2025-06-29 04:23:28,082 — INFO — [REPLAY] 2025-06-27T15:25:16.236258 | Signal: CAUTIOUS SELL | Audit: Warning | Reward: -1.0
2025-06-29 04:23:28,082 — INFO — [REPLAY] 2025-06-28T21:18:38.536628 | Signal: CAUTIOUS SELL | Audit: Warning | Reward: -1.0
2025-06-29 04:23:28,082 — INFO — [REPLAY] 2025-06-28T22:02:49.780408 | Signal: WAIT | Audit: Neutral | Reward: -1.0
2025-06-29 04:23:28,082 — INFO — [REPLAY] 2025-06-29T04:16:10.330736 | Signal: WAIT | Audit: Neutral | Reward: -1.0
2025-06-29 04:23:28,082 — INFO — [REPLAY] 2025-06-27T14:52:32.015243 | Signal: CONFIDENT BUY | Audit: Approved | Reward: -1.0
2025-06-29 04:23:28,083 — INFO — [REPLAY] 2025-06-27T15:25:16.236258 | Signal: CAUTIOUS SELL | Audit: Warning | Reward: -1.0
2025-06-29 04:23:28,083 — INFO — [REPLAY] 2025-06-28T21:18:38.536628 | Signal: CAUTIOUS SELL | Audit: Warning | Reward: -1.0
2025-06-29 04:23:28,083 — INFO — [REPLAY] 2025-06-28T22:02:49.780408 | Signal: WAIT | Audit: Neutral | Reward: -1.0
2025-06-29 04:23:28,083 — INFO — [REPLAY] 2025-06-29T04:16:10.330736 | Signal: WAIT | Audit: Neutral | Reward: -1.0
2025-06-29 04:23:28,685 — INFO — [REPLAY] 2025-06-27T14:52:32.015243 | Signal: CONFIDENT BUY | Audit: Approved | Reward: -1.0
2025-06-29 04:23:28,685 — INFO — [REPLAY] 2025-06-27T14:52:32.015243 | Signal: CONFIDENT BUY | Audit: Approved | Reward: -1.0
2025-06-29 04:23:28,685 — INFO — [REPLAY] 2025-06-27T15:25:16.236258 | Signal: CAUTIOUS SELL | Audit: Warning | Reward: -1.0
2025-06-29 04:23:28,685 — INFO — [REPLAY] 2025-06-27T15:25:16.236258 | Signal: CAUTIOUS SELL | Audit: Warning | Reward: -1.0
2025-06-29 04:23:28,685 — INFO — [REPLAY] 2025-06-28T21:18:38.536628 | Signal: CAUTIOUS SELL | Audit: Warning | Reward: -1.0
2025-06-29 04:23:28,685 — INFO — [REPLAY] 2025-06-28T21:18:38.536628 | Signal: CAUTIOUS SELL | Audit: Warning | Reward: -1.0
2025-06-29 04:23:28,686 — INFO — [REPLAY] 2025-06-28T22:02:49.780408 | Signal: WAIT | Audit: Neutral | Reward: -1.0
2025-06-29 04:23:28,686 — INFO — [REPLAY] 2025-06-28T22:02:49.780408 | Signal: WAIT | Audit: Neutral | Reward: -1.0
2025-06-29 04:23:28,686 — INFO — [REPLAY] 2025-06-29T04:16:10.330736 | Signal: WAIT | Audit: Neutral | Reward: -1.0
2025-06-29 04:23:28,686 — INFO — [REPLAY] 2025-06-29T04:16:10.330736 | Signal: WAIT | Audit: Neutral | Reward: -1.0
2025-06-29 04:23:28,968 — INFO — [REPLAY] 2025-06-27T14:52:32.015243 | Signal: CONFIDENT BUY | Audit: Approved | Reward: -1.0
2025-06-29 04:23:28,968 — INFO — [REPLAY] 2025-06-27T14:52:32.015243 | Signal: CONFIDENT BUY | Audit: Approved | Reward: -1.0
2025-06-29 04:23:28,968 — INFO — [REPLAY] 2025-06-27T15:25:16.236258 | Signal: CAUTIOUS SELL | Audit: Warning | Reward: -1.0
2025-06-29 04:23:28,968 — INFO — [REPLAY] 2025-06-27T15:25:16.236258 | Signal: CAUTIOUS SELL | Audit: Warning | Reward: -1.0
2025-06-29 04:23:28,968 — INFO — [REPLAY] 2025-06-28T21:18:38.536628 | Signal: CAUTIOUS SELL | Audit: Warning | Reward: -1.0
2025-06-29 04:23:28,968 — INFO — [REPLAY] 2025-06-28T21:18:38.536628 | Signal: CAUTIOUS SELL | Audit: Warning | Reward: -1.0
2025-06-29 04:23:28,968 — INFO — [REPLAY] 2025-06-28T22:02:49.780408 | Signal: WAIT | Audit: Neutral | Reward: -1.0
2025-06-29 04:23:28,968 — INFO — [REPLAY] 2025-06-28T22:02:49.780408 | Signal: WAIT | Audit: Neutral | Reward: -1.0
2025-06-29 04:23:28,968 — INFO — [REPLAY] 2025-06-29T04:16:10.330736 | Signal: WAIT | Audit: Neutral | Reward: -1.0
2025-06-29 04:23:28,969 — INFO — [REPLAY] 2025-06-29T04:16:10.330736 | Signal: WAIT | Audit: Neutral | Reward: -1.0
2025-06-29 04:23:29,188 — INFO — [REPLAY] 2025-06-27T14:52:32.015243 | Signal: CONFIDENT BUY | Audit: Approved | Reward: -1.0
2025-06-29 04:23:29,188 — INFO — [REPLAY] 2025-06-27T15:25:16.236258 | Signal: CAUTIOUS SELL | Audit: Warning | Reward: -1.0
2025-06-29 04:23:29,189 — INFO — [REPLAY] 2025-06-28T21:18:38.536628 | Signal: CAUTIOUS SELL | Audit: Warning | Reward: -1.0
2025-06-29 04:23:29,189 — INFO — [REPLAY] 2025-06-27T14:52:32.015243 | Signal: CONFIDENT BUY | Audit: Approved | Reward: -1.0
2025-06-29 04:23:29,189 — INFO — [REPLAY] 2025-06-28T22:02:49.780408 | Signal: WAIT | Audit: Neutral | Reward: -1.0
2025-06-29 04:23:29,189 — INFO — [REPLAY] 2025-06-27T15:25:16.236258 | Signal: CAUTIOUS SELL | Audit: Warning | Reward: -1.0
2025-06-29 04:23:29,189 — INFO — [REPLAY] 2025-06-29T04:16:10.330736 | Signal: WAIT | Audit: Neutral | Reward: -1.0
2025-06-29 04:23:29,189 — INFO — [REPLAY] 2025-06-28T21:18:38.536628 | Signal: CAUTIOUS SELL | Audit: Warning | Reward: -1.0
2025-06-29 04:23:29,190 — INFO — [REPLAY] 2025-06-28T22:02:49.780408 | Signal: WAIT | Audit: Neutral | Reward: -1.0
2025-06-29 04:23:29,190 — INFO — [REPLAY] 2025-06-29T04:16:10.330736 | Signal: WAIT | Audit: Neutral | Reward: -1.0
2025-06-29 04:23:29,453 — INFO — [REPLAY] 2025-06-27T14:52:32.015243 | Signal: CONFIDENT BUY | Audit: Approved | Reward: -1.0
2025-06-29 04:23:29,454 — INFO — [REPLAY] 2025-06-27T15:25:16.236258 | Signal: CAUTIOUS SELL | Audit: Warning | Reward: -1.0
2025-06-29 04:23:29,454 — INFO — [REPLAY] 2025-06-28T21:18:38.536628 | Signal: CAUTIOUS SELL | Audit: Warning | Reward: -1.0
2025-06-29 04:23:29,454 — INFO — [REPLAY] 2025-06-27T14:52:32.015243 | Signal: CONFIDENT BUY | Audit: Approved | Reward: -1.0
2025-06-29 04:23:29,454 — INFO — [REPLAY] 2025-06-28T22:02:49.780408 | Signal: WAIT | Audit: Neutral | Reward: -1.0
2025-06-29 04:23:29,454 — INFO — [REPLAY] 2025-06-27T15:25:16.236258 | Signal: CAUTIOUS SELL | Audit: Warning | Reward: -1.0
2025-06-29 04:23:29,454 — INFO — [REPLAY] 2025-06-29T04:16:10.330736 | Signal: WAIT | Audit: Neutral | Reward: -1.0
2025-06-29 04:23:29,454 — INFO — [REPLAY] 2025-06-28T21:18:38.536628 | Signal: CAUTIOUS SELL | Audit: Warning | Reward: -1.0
2025-06-29 04:23:29,455 — INFO — [REPLAY] 2025-06-28T22:02:49.780408 | Signal: WAIT | Audit: Neutral | Reward: -1.0
2025-06-29 04:23:29,455 — INFO — [REPLAY] 2025-06-29T04:16:10.330736 | Signal: WAIT | Audit: Neutral | Reward: -1.0
2025-06-29 04:50:54,617 — INFO — [REPLAY] 2025-06-27T14:52:32.015243 | Signal: CONFIDENT BUY | Audit: Approved | Reward: -1.0
2025-06-29 04:50:54,618 — INFO — [REPLAY] 2025-06-27T15:25:16.236258 | Signal: CAUTIOUS SELL | Audit: Warning | Reward: -1.0
2025-06-29 04:50:54,618 — INFO — [REPLAY] 2025-06-28T21:18:38.536628 | Signal: CAUTIOUS SELL | Audit: Warning | Reward: -1.0
2025-06-29 04:50:54,618 — INFO — [REPLAY] 2025-06-28T22:02:49.780408 | Signal: WAIT | Audit: Neutral | Reward: -1.0
2025-06-29 04:50:54,618 — INFO — [REPLAY] 2025-06-29T04:16:10.330736 | Signal: WAIT | Audit: Neutral | Reward: -1.0
2025-06-29 04:50:54,621 — INFO — [REPLAY] 2025-06-27T14:52:32.015243 | Signal: CONFIDENT BUY | Audit: Approved | Reward: -1.0
2025-06-29 04:50:54,622 — INFO — [REPLAY] 2025-06-27T15:25:16.236258 | Signal: CAUTIOUS SELL | Audit: Warning | Reward: -1.0
2025-06-29 04:50:54,622 — INFO — [REPLAY] 2025-06-28T21:18:38.536628 | Signal: CAUTIOUS SELL | Audit: Warning | Reward: -1.0
2025-06-29 04:50:54,622 — INFO — [REPLAY] 2025-06-28T22:02:49.780408 | Signal: WAIT | Audit: Neutral | Reward: -1.0
2025-06-29 04:50:54,622 — INFO — [REPLAY] 2025-06-29T04:16:10.330736 | Signal: WAIT | Audit: Neutral | Reward: -1.0
2025-06-29 04:50:58,537 — INFO — [REPLAY] 2025-06-27T14:52:32.015243 | Signal: CONFIDENT BUY | Audit: Approved | Reward: -1.0
2025-06-29 04:50:58,537 — INFO — [REPLAY] 2025-06-27T14:52:32.015243 | Signal: CONFIDENT BUY | Audit: Approved | Reward: -1.0
2025-06-29 04:50:58,537 — INFO — [REPLAY] 2025-06-27T15:25:16.236258 | Signal: CAUTIOUS SELL | Audit: Warning | Reward: -1.0
2025-06-29 04:50:58,537 — INFO — [REPLAY] 2025-06-27T15:25:16.236258 | Signal: CAUTIOUS SELL | Audit: Warning | Reward: -1.0
2025-06-29 04:50:58,537 — INFO — [REPLAY] 2025-06-28T21:18:38.536628 | Signal: CAUTIOUS SELL | Audit: Warning | Reward: -1.0
2025-06-29 04:50:58,537 — INFO — [REPLAY] 2025-06-28T21:18:38.536628 | Signal: CAUTIOUS SELL | Audit: Warning | Reward: -1.0
2025-06-29 04:50:58,537 — INFO — [REPLAY] 2025-06-28T22:02:49.780408 | Signal: WAIT | Audit: Neutral | Reward: -1.0
2025-06-29 04:50:58,537 — INFO — [REPLAY] 2025-06-28T22:02:49.780408 | Signal: WAIT | Audit: Neutral | Reward: -1.0
2025-06-29 04:50:58,538 — INFO — [REPLAY] 2025-06-29T04:16:10.330736 | Signal: WAIT | Audit: Neutral | Reward: -1.0
2025-06-29 04:50:58,538 — INFO — [REPLAY] 2025-06-29T04:16:10.330736 | Signal: WAIT | Audit: Neutral | Reward: -1.0
2025-06-29 04:51:22,171 — INFO — [REPLAY] 2025-06-27T14:52:32.015243 | Signal: CONFIDENT BUY | Audit: Approved | Reward: -1.0
2025-06-29 04:51:22,172 — INFO — [REPLAY] 2025-06-27T15:25:16.236258 | Signal: CAUTIOUS SELL | Audit: Warning | Reward: -1.0
2025-06-29 04:51:22,172 — INFO — [REPLAY] 2025-06-28T21:18:38.536628 | Signal: CAUTIOUS SELL | Audit: Warning | Reward: -1.0
2025-06-29 04:51:22,172 — INFO — [REPLAY] 2025-06-28T22:02:49.780408 | Signal: WAIT | Audit: Neutral | Reward: -1.0
2025-06-29 04:51:22,172 — INFO — [REPLAY] 2025-06-29T04:16:10.330736 | Signal: WAIT | Audit: Neutral | Reward: -1.0
2025-06-29 04:51:22,175 — INFO — [REPLAY] 2025-06-27T14:52:32.015243 | Signal: CONFIDENT BUY | Audit: Approved | Reward: -1.0
2025-06-29 04:51:22,175 — INFO — [REPLAY] 2025-06-27T15:25:16.236258 | Signal: CAUTIOUS SELL | Audit: Warning | Reward: -1.0
2025-06-29 04:51:22,175 — INFO — [REPLAY] 2025-06-28T21:18:38.536628 | Signal: CAUTIOUS SELL | Audit: Warning | Reward: -1.0
2025-06-29 04:51:22,175 — INFO — [REPLAY] 2025-06-28T22:02:49.780408 | Signal: WAIT | Audit: Neutral | Reward: -1.0
2025-06-29 04:51:22,175 — INFO — [REPLAY] 2025-06-29T04:16:10.330736 | Signal: WAIT | Audit: Neutral | Reward: -1.0
2025-06-29 05:01:35,349 — INFO — Market Data: {'price': 20457.01, 'volume': 4265, 'trend': 'bearish'}
2025-06-29 05:01:35,349 — INFO — Macro Monk Strategy: SELL
2025-06-29 05:01:35,349 — INFO — The Ghost Signal: CAUTIOUS SELL
2025-06-29 05:01:35,349 — INFO — Degen Auditor Result: Warning
2025-06-29 05:01:35,349 — INFO — Calculated Reward: -1
2025-06-29 05:01:39,964 — INFO — Notification sent successfully.
2025-06-29 05:03:04,458 — INFO — Market Data: {'price': 58818.65, 'volume': 3049, 'trend': 'bullish'}
2025-06-29 05:03:04,458 — INFO — Macro Monk Strategy: HOLD
2025-06-29 05:03:04,459 — INFO — The Ghost Signal: WAIT
2025-06-29 05:03:04,459 — INFO — Degen Auditor Result: Neutral
2025-06-29 05:03:04,459 — INFO — Calculated Reward: -1
2025-06-29 05:03:08,463 — INFO — Notification sent successfully.
2025-06-29 05:11:25,185 — INFO — Market Data: {'price': 23229.27, 'volume': 4993, 'trend': 'sideways'}
2025-06-29 05:11:25,185 — INFO — Macro Monk Strategy: HOLD
2025-06-29 05:11:25,185 — INFO — The Ghost Signal: WAIT
2025-06-29 05:11:25,186 — INFO — Degen Auditor Result: Neutral
2025-06-29 05:11:25,186 — INFO — Calculated Reward: -1
2025-06-29 05:11:29,335 — INFO — Notification sent successfully.
2025-06-29 05:12:16,394 — INFO — Market Data: {'price': 47794.47, 'volume': 4093, 'trend': 'bullish'}
2025-06-29 05:12:16,395 — INFO — Macro Monk Strategy: BUY
2025-06-29 05:12:16,395 — INFO — The Ghost Signal: CONFIDENT BUY
2025-06-29 05:12:16,395 — INFO — Degen Auditor Result: Approved
2025-06-29 05:12:16,395 — INFO — Calculated Reward: -1
2025-06-29 05:12:20,363 — INFO — Notification sent successfully.
2025-06-29 05:13:52,446 — INFO — Market Data: {'price': 38059.87, 'volume': 5596, 'trend': 'bearish'}
2025-06-29 05:13:52,446 — INFO — Macro Monk Strategy: SELL
2025-06-29 05:13:52,447 — INFO — The Ghost Signal: CAUTIOUS SELL
2025-06-29 05:13:52,447 — INFO — Degen Auditor Result: Warning
2025-06-29 05:13:52,447 — INFO — Calculated Reward: -1
2025-06-29 05:13:56,707 — INFO — Notification sent successfully.
2025-06-29 05:16:08,858 — INFO — Market Data: {'price': 13480.25, 'volume': 9131, 'trend': 'bullish'}
2025-06-29 05:16:08,858 — INFO — Macro Monk Strategy: BUY
2025-06-29 05:16:08,858 — INFO — The Ghost Signal: CONFIDENT BUY
2025-06-29 05:16:08,858 — INFO — Degen Auditor Result: Approved
2025-06-29 05:16:08,859 — INFO — Calculated Reward: -1
2025-06-29 05:16:12,921 — INFO — Notification sent successfully.
2025-06-29 05:17:12,381 — INFO — Market Data: {'price': 20131.32, 'volume': 6191, 'trend': 'bearish'}
2025-06-29 05:17:12,382 — INFO — Macro Monk Strategy: SELL
2025-06-29 05:17:12,382 — INFO — The Ghost Signal: CAUTIOUS SELL
2025-06-29 05:17:12,382 — INFO — Degen Auditor Result: Warning
2025-06-29 05:17:12,382 — INFO — Calculated Reward: -1
2025-06-29 05:17:16,357 — INFO — Notification sent successfully.
