2025-06-29 05:24:14,324 — INFO — [Data Whisperer] Market data: {'price': 15352.12, 'volume': 1688, 'trend': 'bullish'}
2025-06-29 05:24:14,324 — INFO — [Macro Monk] Strategy decision: BUY
2025-06-29 05:24:14,324 — INFO — [The Ghost] Emotional Intelligence signal: CONFIDENT BUY
2025-06-29 05:24:14,325 — INFO — [Degen Auditor] Trade audit result: Approved
2025-06-29 05:24:18,239 — INFO — [DB LOG] Ep 1: Strategy=CONFIDENT BUY | Emotion=CONFIDENT BUY | Audit=Approved | Reward=-0.05
2025-06-29 05:41:30,704 — INFO — [Data Whisperer] Market data: {'price': 18445.39, 'volume': 6762, 'trend': 'sideways'}
2025-06-29 05:41:30,713 — INFO — [Macro Monk] Strategy: HOLD
2025-06-29 05:41:30,714 — INFO — [The Ghost] Signal: WAIT
2025-06-29 05:41:30,714 — INFO — [Degen Auditor] Audit: Neutral
2025-06-29 05:41:34,599 — INFO — Notification sent to bhatiaditya80@gmail.com
2025-06-29 05:41:34,615 — INFO — [Journal] Ep 1: Signal=WAIT, Audit=Neutral, Reward=-0.05
2025-06-29 05:45:20,062 — INFO — [Data Whisperer] Market data: {'price': 31334.09, 'volume': 6265, 'trend': 'sideways'}
2025-06-29 05:45:20,063 — INFO — [Macro Monk] Strategy: HOLD
2025-06-29 05:45:20,063 — INFO — [The Ghost] Signal: WAIT
2025-06-29 05:45:20,064 — INFO — [Degen Auditor] Audit: Neutral
2025-06-29 05:45:23,601 — INFO — [Data Whisperer] Market data: {'price': 34968.59, 'volume': 6275, 'trend': 'sideways'}
2025-06-29 05:45:23,601 — INFO — [Macro Monk] Strategy: HOLD
2025-06-29 05:45:23,601 — INFO — [The Ghost] Signal: WAIT
2025-06-29 05:45:23,601 — INFO — [Degen Auditor] Audit: Neutral
2025-06-29 05:45:24,639 — INFO — Notification sent to bhatiaditya80@gmail.com
2025-06-29 05:45:24,649 — INFO — [Data Whisperer] Market data: {'price': 23412.12, 'volume': 3348, 'trend': 'bearish'}
2025-06-29 05:45:24,649 — INFO — [Macro Monk] Strategy: SELL
2025-06-29 05:45:24,649 — INFO — [The Ghost] Signal: CAUTIOUS SELL
2025-06-29 05:45:24,650 — INFO — [Degen Auditor] Audit: Warning
2025-06-29 05:45:24,654 — INFO — [Journal] Ep 2: Signal=WAIT, Audit=Neutral, Reward=-0.05
2025-06-29 05:45:24,982 — INFO — [Data Whisperer] Market data: {'price': 47394.87, 'volume': 3367, 'trend': 'bullish'}
2025-06-29 05:45:24,982 — INFO — [Macro Monk] Strategy: BUY
2025-06-29 05:45:24,982 — INFO — [The Ghost] Signal: CONFIDENT BUY
2025-06-29 05:45:24,982 — INFO — [Degen Auditor] Audit: Approved
2025-06-29 05:45:25,993 — INFO — [Data Whisperer] Market data: {'price': 24321.82, 'volume': 1791, 'trend': 'bullish'}
2025-06-29 05:45:25,994 — INFO — [Macro Monk] Strategy: BUY
2025-06-29 05:45:25,994 — INFO — [The Ghost] Signal: CONFIDENT BUY
2025-06-29 05:45:25,994 — INFO — [Degen Auditor] Audit: Approved
2025-06-29 05:45:27,594 — INFO — Notification sent to bhatiaditya80@gmail.com
2025-06-29 05:45:27,608 — INFO — [Journal] Ep 3: Signal=WAIT, Audit=Neutral, Reward=-0.05
2025-06-29 05:45:28,835 — INFO — Notification sent to bhatiaditya80@gmail.com
2025-06-29 05:45:28,849 — INFO — [Journal] Ep 5: Signal=CONFIDENT BUY, Audit=Approved, Reward=0.45
2025-06-29 05:45:29,515 — INFO — Notification sent to bhatiaditya80@gmail.com
2025-06-29 05:45:29,529 — INFO — [Journal] Ep 4: Signal=CAUTIOUS SELL, Audit=Warning, Reward=0.45
2025-06-29 05:45:30,009 — INFO — Notification sent to bhatiaditya80@gmail.com
2025-06-29 05:45:30,015 — INFO — [Journal] Ep 6: Signal=CONFIDENT BUY, Audit=Approved, Reward=-0.05
2025-06-29 05:45:34,879 — INFO — [Data Whisperer] Market data: {'price': 13832.26, 'volume': 1599, 'trend': 'sideways'}
2025-06-29 05:45:34,879 — INFO — [Macro Monk] Strategy: HOLD
2025-06-29 05:45:34,879 — INFO — [The Ghost] Signal: WAIT
2025-06-29 05:45:34,879 — INFO — [Degen Auditor] Audit: Neutral
2025-06-29 05:45:39,417 — INFO — Notification sent to bhatiaditya80@gmail.com
2025-06-29 05:45:39,422 — INFO — [Journal] Ep 7: Signal=WAIT, Audit=Neutral, Reward=0.45
2025-06-29 05:50:32,274 — INFO — [Data Whisperer] Market data: {'price': 49668.95, 'volume': 1538, 'trend': 'sideways'}
2025-06-29 05:50:32,275 — INFO — [Macro Monk] Strategy: HOLD
2025-06-29 05:50:32,275 — INFO — [The Ghost] Signal: WAIT
2025-06-29 05:50:32,275 — INFO — [Degen Auditor] Audit: Neutral
2025-06-29 05:50:36,432 — INFO — Notification sent to bhatiaditya80@gmail.com
2025-06-29 05:50:36,446 — INFO — [Journal] Ep 8: Signal=WAIT, Audit=Neutral, Reward=-0.05
